<?xml version="1.0" encoding="UTF-8"?>
<robot generator="Robot 7.4.2 (Python 3.14.3 on win32)" generated="2026-03-19T12:47:16.611300" rpa="false" schemaversion="5">
<suite id="s1" name="Test Swag Labs" source="C:\Users\Diyar.Usta\Documents\Testing and QA\robot_package\robot-testing-project\github-robot\CICD-Pipeline-Robot\tests\test_swag_labs.robot">
<test id="s1-t1" name="Complete Purchase Flow" line="11">
<kw name="Open Browser" owner="SeleniumLibrary">
<msg time="2026-03-19T12:47:16.760321" level="INFO">Opening browser 'Chrome' to base url 'https://diyarusta.github.io/CICD-Pipeline-Robot/swag_labs.html'.</msg>
<msg time="2026-03-19T12:48:22.366312" level="INFO">Cannot capture screenshot because no browser is open.</msg>
<msg time="2026-03-19T12:48:22.366578" level="FAIL">SessionNotCreatedException: Message: session not created: DevToolsActivePort file doesn't exist; For documentation on this error, please visit: https://www.selenium.dev/documentation/webdriver/troubleshooting/errors#sessionnotcreatedexception
Stacktrace:
	chromedriver!GetHandleVerifier [0x7ff607fb3045+14585]
	chromedriver!GetHandleVerifier [0x7ff607fb30b0+145f0]
	chromedriver!(No symbol) [0x7ff607d1db7d]
	chromedriver!(No symbol) [0x7ff607d64476]
	chromedriver!(No symbol) [0x7ff607d5f8c1]
	chromedriver!(No symbol) [0x7ff607d59f69]
	chromedriver!(No symbol) [0x7ff607dae681]
	chromedriver!(No symbol) [0x7ff607dadee6]
	chromedriver!(No symbol) [0x7ff607d69a18]
	chromedriver!(No symbol) [0x7ff607d6a8f3]
	chromedriver!GetHandleVerifier [0x7ff6082bac5d+31c19d]
	chromedriver!GetHandleVerifier [0x7ff6082b536d+3168ad]
	chromedriver!GetHandleVerifier [0x7ff6082d7d8a+3392ca]
	chromedriver!GetHandleVerifier [0x7ff607fcf445+30985]
	chromedriver!GetHandleVerifier [0x7ff607fd84dc+39a1c]
	chromedriver!GetHandleVerifier [0x7ff607fbc634+1db74]
	chromedriver!GetHandleVerifier [0x7ff607fbc7e6+1dd26]
	chromedriver!GetHandleVerifier [0x7ff607fa1387+28c7]
	KERNEL32!BaseThreadInitThunk [0x7ffb10c0e8d7+17]
	ntdll!RtlUserThreadStart [0x7ffb114cc53c+2c]
</msg>
<arg>${URL}</arg>
<arg>${BROWSER}</arg>
<arg>options=add_argument("--headless");add_argument("--no-sandbox");add_argument("--disable-dev-shm-usage")</arg>
<doc>Opens a new browser instance to the optional ``url``.</doc>
<status status="FAIL" start="2026-03-19T12:47:16.760051" elapsed="65.613206">SessionNotCreatedException: Message: session not created: DevToolsActivePort file doesn't exist; For documentation on this error, please visit: https://www.selenium.dev/documentation/webdriver/troubleshooting/errors#sessionnotcreatedexception
Stacktrace:
	chromedriver!GetHandleVerifier [0x7ff607fb3045+14585]
	chromedriver!GetHandleVerifier [0x7ff607fb30b0+145f0]
	chromedriver!(No symbol) [0x7ff607d1db7d]
	chromedriver!(No symbol) [0x7ff607d64476]
	chromedriver!(No symbol) [0x7ff607d5f8c1]
	chromedriver!(No symbol) [0x7ff607d59f69]
	chromedriver!(No symbol) [0x7ff607dae681]
	chromedriver!(No symbol) [0x7ff607dadee6]
	chromedriver!(No symbol) [0x7ff607d69a18]
	chromedriver!(No symbol) [0x7ff607d6a8f3]
	chromedriver!GetHandleVerifier [0x7ff6082bac5d+31c19d]
	chromedriver!GetHandleVerifier [0x7ff6082b536d+3168ad]
	chromedriver!GetHandleVerifier [0x7ff6082d7d8a+3392ca]
	chromedriver!GetHandleVerifier [0x7ff607fcf445+30985]
	chromedriver!GetHandleVerifier [0x7ff607fd84dc+39a1c]
	chromedriver!GetHandleVerifier [0x7ff607fbc634+1db74]
	chromedriver!GetHandleVerifier [0x7ff607fbc7e6+1dd26]
	chromedriver!GetHandleVerifier [0x7ff607fa1387+28c7]
	KERNEL32!BaseThreadInitThunk [0x7ffb10c0e8d7+17]
	ntdll!RtlUserThreadStart [0x7ffb114cc53c+2c]
</status>
</kw>
<kw name="Maximize Browser Window" owner="SeleniumLibrary">
<doc>Maximizes current browser window.</doc>
<status status="NOT RUN" start="2026-03-19T12:48:22.373825" elapsed="0.000063"/>
</kw>
<kw name="Input Text" owner="SeleniumLibrary">
<arg>id:username</arg>
<arg>${USERNAME}</arg>
<doc>Types the given ``text`` into the text field identified by ``locator``.</doc>
<status status="NOT RUN" start="2026-03-19T12:48:22.374341" elapsed="0.000039"/>
</kw>
<kw name="Input Text" owner="SeleniumLibrary">
<arg>id:password</arg>
<arg>${PASSWORD}</arg>
<doc>Types the given ``text`` into the text field identified by ``locator``.</doc>
<status status="NOT RUN" start="2026-03-19T12:48:22.374660" elapsed="0.000029"/>
</kw>
<kw name="Click Button" owner="SeleniumLibrary">
<arg>id:login-button</arg>
<doc>Clicks the button identified by ``locator``.</doc>
<status status="NOT RUN" start="2026-03-19T12:48:22.374920" elapsed="0.000027"/>
</kw>
<kw name="Sleep" owner="BuiltIn">
<arg>1s</arg>
<doc>Pauses the test executed for the given time.</doc>
<status status="NOT RUN" start="2026-03-19T12:48:22.375184" elapsed="0.000027"/>
</kw>
<kw name="Wait Until Element Is Visible" owner="SeleniumLibrary">
<arg>class:products-grid</arg>
<doc>Waits until the element ``locator`` is visible.</doc>
<status status="NOT RUN" start="2026-03-19T12:48:22.375443" elapsed="0.000025"/>
</kw>
<kw name="Click Button" owner="SeleniumLibrary">
<arg>xpath:/html/body/div[2]/div[2]/div[1]/button</arg>
<doc>Clicks the button identified by ``locator``.</doc>
<status status="NOT RUN" start="2026-03-19T12:48:22.375687" elapsed="0.000024"/>
</kw>
<kw name="Click Button" owner="SeleniumLibrary">
<arg>xpath:/html/body/div[2]/div[2]/div[2]/button</arg>
<doc>Clicks the button identified by ``locator``.</doc>
<status status="NOT RUN" start="2026-03-19T12:48:22.375862" elapsed="0.000022"/>
</kw>
<kw name="Click Element" owner="SeleniumLibrary">
<arg>class:cart-icon</arg>
<doc>Click the element identified by ``locator``.</doc>
<status status="NOT RUN" start="2026-03-19T12:48:22.376132" elapsed="0.000022"/>
</kw>
<kw name="Wait Until Element Is Visible" owner="SeleniumLibrary">
<arg>xpath:/html/body/div[3]/h2</arg>
<doc>Waits until the element ``locator`` is visible.</doc>
<status status="NOT RUN" start="2026-03-19T12:48:22.376292" elapsed="0.000023"/>
</kw>
<kw name="Sleep" owner="BuiltIn">
<arg>1s</arg>
<doc>Pauses the test executed for the given time.</doc>
<status status="NOT RUN" start="2026-03-19T12:48:22.376458" elapsed="0.000025"/>
</kw>
<kw name="Click Button" owner="SeleniumLibrary">
<arg>xpath:/html/body/div[3]/div[1]/div[2]/button</arg>
<doc>Clicks the button identified by ``locator``.</doc>
<status status="NOT RUN" start="2026-03-19T12:48:22.376624" elapsed="0.000022"/>
</kw>
<kw name="Sleep" owner="BuiltIn">
<arg>1s</arg>
<doc>Pauses the test executed for the given time.</doc>
<status status="NOT RUN" start="2026-03-19T12:48:22.376778" elapsed="0.000023"/>
</kw>
<kw name="Wait Until Element Is Visible" owner="SeleniumLibrary">
<arg>id:first-name</arg>
<doc>Waits until the element ``locator`` is visible.</doc>
<status status="NOT RUN" start="2026-03-19T12:48:22.376935" elapsed="0.000022"/>
</kw>
<kw name="Input Text" owner="SeleniumLibrary">
<arg>id:first-name</arg>
<arg>Diyar</arg>
<doc>Types the given ``text`` into the text field identified by ``locator``.</doc>
<status status="NOT RUN" start="2026-03-19T12:48:22.377113" elapsed="0.000031"/>
</kw>
<kw name="Input Text" owner="SeleniumLibrary">
<arg>id:last-name</arg>
<arg>Usta</arg>
<doc>Types the given ``text`` into the text field identified by ``locator``.</doc>
<status status="NOT RUN" start="2026-03-19T12:48:22.377437" elapsed="0.000028"/>
</kw>
<kw name="Input Text" owner="SeleniumLibrary">
<arg>id:postal-code</arg>
<arg>77652</arg>
<doc>Types the given ``text`` into the text field identified by ``locator``.</doc>
<status status="NOT RUN" start="2026-03-19T12:48:22.377907" elapsed="0.000025"/>
</kw>
<kw name="Click Button" owner="SeleniumLibrary">
<arg>xpath:/html/body/div[3]/div[2]/button</arg>
<doc>Clicks the button identified by ``locator``.</doc>
<status status="NOT RUN" start="2026-03-19T12:48:22.378073" elapsed="0.000022"/>
</kw>
<kw name="Sleep" owner="BuiltIn">
<arg>1s</arg>
<doc>Pauses the test executed for the given time.</doc>
<status status="NOT RUN" start="2026-03-19T12:48:22.378229" elapsed="0.000022"/>
</kw>
<kw name="Wait Until Element Is Visible" owner="SeleniumLibrary">
<arg>xpath:/html/body/div[4]/h2</arg>
<doc>Waits until the element ``locator`` is visible.</doc>
<status status="NOT RUN" start="2026-03-19T12:48:22.378383" elapsed="0.000049"/>
</kw>
<kw name="Sleep" owner="BuiltIn">
<arg>1s</arg>
<doc>Pauses the test executed for the given time.</doc>
<status status="NOT RUN" start="2026-03-19T12:48:22.378571" elapsed="0.000024"/>
</kw>
<kw name="Click Button" owner="SeleniumLibrary">
<arg>xpath:/html/body/div[4]/button</arg>
<doc>Clicks the button identified by ``locator``.</doc>
<status status="NOT RUN" start="2026-03-19T12:48:22.378728" elapsed="0.000022"/>
</kw>
<kw name="Close Browser" owner="SeleniumLibrary">
<doc>Closes the current browser.</doc>
<status status="NOT RUN" start="2026-03-19T12:48:22.378881" elapsed="0.000022"/>
</kw>
<status status="FAIL" start="2026-03-19T12:47:16.759232" elapsed="65.619924">SessionNotCreatedException: Message: session not created: DevToolsActivePort file doesn't exist; For documentation on this error, please visit: https://www.selenium.dev/documentation/webdriver/troubleshooting/errors#sessionnotcreatedexception
Stacktrace:
	chromedriver!GetHandleVerifier [0x7ff607fb3045+14585]
	chromedriver!GetHandleVerifier [0x7ff607fb30b0+145f0]
	chromedriver!(No symbol) [0x7ff607d1db7d]
	chromedriver!(No symbol) [0x7ff607d64476]
	chromedriver!(No symbol) [0x7ff607d5f8c1]
	chromedriver!(No symbol) [0x7ff607d59f69]
	chromedriver!(No symbol) [0x7ff607dae681]
	chromedriver!(No symbol) [0x7ff607dadee6]
	chromedriver!(No symbol) [0x7ff607d69a18]
	chromedriver!(No symbol) [0x7ff607d6a8f3]
	chromedriver!GetHandleVerifier [0x7ff6082bac5d+31c19d]
	chromedriver!GetHandleVerifier [0x7ff6082b536d+3168ad]
	chromedriver!GetHandleVerifier [0x7ff6082d7d8a+3392ca]
	chromedriver!GetHandleVerifier [0x7ff607fcf445+30985]
	chromedriver!GetHandleVerifier [0x7ff607fd84dc+39a1c]
	chromedriver!GetHandleVerifier [0x7ff607fbc634+1db74]
	chromedriver!GetHandleVerifier [0x7ff607fbc7e6+1dd26]
	chromedriver!GetHandleVerifier [0x7ff607fa1387+28c7]
	KERNEL32!BaseThreadInitThunk [0x7ffb10c0e8d7+17]
	ntdll!RtlUserThreadStart [0x7ffb114cc53c+2c]
</status>
</test>
<status status="FAIL" start="2026-03-19T12:47:16.613308" elapsed="65.766581"/>
</suite>
<statistics>
<total>
<stat pass="0" fail="1" skip="0">All Tests</stat>
</total>
<tag>
</tag>
<suite>
<stat name="Test Swag Labs" id="s1" pass="0" fail="1" skip="0">Test Swag Labs</stat>
</suite>
</statistics>
<errors>
</errors>
</robot>
